This is pdfTeX, Version 3.14159265-2.6-1.40.18 (TeX Live 2017/Arch Linux) (preloaded format=pdflatex 2017.9.5)  3 DEC 2017 09:31
entering extended mode
 restricted \write18 enabled.
 %&-line parsing enabled.
**hpc_hw2_morse.tex
(./hpc_hw2_morse.tex
LaTeX2e <2017-04-15>
Babel <3.12> and hyphenation patterns for 84 language(s) loaded.
(/usr/share/texmf-dist/tex/latex/base/article.cls
Document Class: article 2014/09/29 v1.4h Standard LaTeX document class
(/usr/share/texmf-dist/tex/latex/base/size12.clo
File: size12.clo 2014/09/29 v1.4h Standard LaTeX file (size option)
)
\c@part=\count79
\c@section=\count80
\c@subsection=\count81
\c@subsubsection=\count82
\c@paragraph=\count83
\c@subparagraph=\count84
\c@figure=\count85
\c@table=\count86
\abovecaptionskip=\skip41
\belowcaptionskip=\skip42
\bibindent=\dimen102
)
(/usr/share/texmf-dist/tex/latex/amsmath/amsmath.sty
Package: amsmath 2016/11/05 v2.16a AMS math features
\@mathmargin=\skip43

For additional information on amsmath, use the `?' option.
(/usr/share/texmf-dist/tex/latex/amsmath/amstext.sty
Package: amstext 2000/06/29 v2.01 AMS text

(/usr/share/texmf-dist/tex/latex/amsmath/amsgen.sty
File: amsgen.sty 1999/11/30 v2.0 generic functions
\@emptytoks=\toks14
\ex@=\dimen103
))
(/usr/share/texmf-dist/tex/latex/amsmath/amsbsy.sty
Package: amsbsy 1999/11/29 v1.2d Bold Symbols
\pmbraise@=\dimen104
)
(/usr/share/texmf-dist/tex/latex/amsmath/amsopn.sty
Package: amsopn 2016/03/08 v2.02 operator names
)
\inf@bad=\count87
LaTeX Info: Redefining \frac on input line 213.
\uproot@=\count88
\leftroot@=\count89
LaTeX Info: Redefining \overline on input line 375.
\classnum@=\count90
\DOTSCASE@=\count91
LaTeX Info: Redefining \ldots on input line 472.
LaTeX Info: Redefining \dots on input line 475.
LaTeX Info: Redefining \cdots on input line 596.
\Mathstrutbox@=\box26
\strutbox@=\box27
\big@size=\dimen105
LaTeX Font Info:    Redeclaring font encoding OML on input line 712.
LaTeX Font Info:    Redeclaring font encoding OMS on input line 713.
\macc@depth=\count92
\c@MaxMatrixCols=\count93
\dotsspace@=\muskip10
\c@parentequation=\count94
\dspbrk@lvl=\count95
\tag@help=\toks15
\row@=\count96
\column@=\count97
\maxfields@=\count98
\andhelp@=\toks16
\eqnshift@=\dimen106
\alignsep@=\dimen107
\tagshift@=\dimen108
\tagwidth@=\dimen109
\totwidth@=\dimen110
\lineht@=\dimen111
\@envbody=\toks17
\multlinegap=\skip44
\multlinetaggap=\skip45
\mathdisplay@stack=\toks18
LaTeX Info: Redefining \[ on input line 2817.
LaTeX Info: Redefining \] on input line 2818.
)
(/usr/share/texmf-dist/tex/latex/amsfonts/amssymb.sty
Package: amssymb 2013/01/14 v3.01 AMS font symbols

(/usr/share/texmf-dist/tex/latex/amsfonts/amsfonts.sty
Package: amsfonts 2013/01/14 v3.01 Basic AMSFonts support
\symAMSa=\mathgroup4
\symAMSb=\mathgroup5
LaTeX Font Info:    Overwriting math alphabet `\mathfrak' in version `bold'
(Font)                  U/euf/m/n --> U/euf/b/n on input line 106.
))
(/usr/share/texmf-dist/tex/latex/amscls/amsthm.sty
Package: amsthm 2015/03/04 v2.20.2
\thm@style=\toks19
\thm@bodyfont=\toks20
\thm@headfont=\toks21
\thm@notefont=\toks22
\thm@headpunct=\toks23
\thm@preskip=\skip46
\thm@postskip=\skip47
\thm@headsep=\skip48
\dth@everypar=\toks24
)
(/usr/share/texmf-dist/tex/latex/graphics/graphicx.sty
Package: graphicx 2017/06/01 v1.1a Enhanced LaTeX Graphics (DPC,SPQR)

(/usr/share/texmf-dist/tex/latex/graphics/keyval.sty
Package: keyval 2014/10/28 v1.15 key=value parser (DPC)
\KV@toks@=\toks25
)
(/usr/share/texmf-dist/tex/latex/graphics/graphics.sty
Package: graphics 2017/06/25 v1.2c Standard LaTeX Graphics (DPC,SPQR)

(/usr/share/texmf-dist/tex/latex/graphics/trig.sty
Package: trig 2016/01/03 v1.10 sin cos tan (DPC)
)
(/usr/share/texmf-dist/tex/latex/graphics-cfg/graphics.cfg
File: graphics.cfg 2016/06/04 v1.11 sample graphics configuration
)
Package graphics Info: Driver file: pdftex.def on input line 99.

(/usr/share/texmf-dist/tex/latex/graphics-def/pdftex.def
File: pdftex.def 2017/06/24 v1.0g Graphics/color driver for pdftex
))
\Gin@req@height=\dimen112
\Gin@req@width=\dimen113
)
(/usr/share/texmf-dist/tex/latex/caption/caption.sty
Package: caption 2016/02/21 v3.3-144 Customizing captions (AR)

(/usr/share/texmf-dist/tex/latex/caption/caption3.sty
Package: caption3 2016/05/22 v1.7-166 caption3 kernel (AR)
Package caption3 Info: TeX engine: e-TeX on input line 67.
\captionmargin=\dimen114
\captionmargin@=\dimen115
\captionwidth=\dimen116
\caption@tempdima=\dimen117
\caption@indent=\dimen118
\caption@parindent=\dimen119
\caption@hangindent=\dimen120
)
\c@ContinuedFloat=\count99
)
(/usr/share/texmf-dist/tex/latex/caption/subcaption.sty
Package: subcaption 2016/05/22 v1.1-161 Sub-captions (AR)
\c@subfigure=\count100
\c@subtable=\count101
)
(/usr/share/texmf-dist/tex/latex/tools/enumerate.sty
Package: enumerate 2015/07/23 v3.00 enumerate extensions (DPC)
\@enLab=\toks26
)
(/usr/share/texmf-dist/tex/latex/tools/multicol.sty
Package: multicol 2017/04/11 v1.8q multicolumn formatting (FMi)
\c@tracingmulticols=\count102
\mult@box=\box28
\multicol@leftmargin=\dimen121
\c@unbalance=\count103
\c@collectmore=\count104
\doublecol@number=\count105
\multicoltolerance=\count106
\multicolpretolerance=\count107
\full@width=\dimen122
\page@free=\dimen123
\premulticols=\dimen124
\postmulticols=\dimen125
\multicolsep=\skip49
\multicolbaselineskip=\skip50
\partial@page=\box29
\last@line=\box30
\maxbalancingoverflow=\dimen126
\mult@rightbox=\box31
\mult@grightbox=\box32
\mult@gfirstbox=\box33
\mult@firstbox=\box34
\@tempa=\box35
\@tempa=\box36
\@tempa=\box37
\@tempa=\box38
\@tempa=\box39
\@tempa=\box40
\@tempa=\box41
\@tempa=\box42
\@tempa=\box43
\@tempa=\box44
\@tempa=\box45
\@tempa=\box46
\@tempa=\box47
\@tempa=\box48
\@tempa=\box49
\@tempa=\box50
\@tempa=\box51
\c@columnbadness=\count108
\c@finalcolumnbadness=\count109
\last@try=\dimen127
\multicolovershoot=\dimen128
\multicolundershoot=\dimen129
\mult@nat@firstbox=\box52
\colbreak@box=\box53
\mc@col@check@num=\count110
)
(/usr/share/texmf-dist/tex/latex/tools/verbatim.sty
Package: verbatim 2014/10/28 v1.5q LaTeX2e package for verbatim enhancements
\every@verbatim=\toks27
\verbatim@line=\toks28
\verbatim@in@stream=\read1
)
(/usr/share/texmf-dist/tex/latex/preprint/fullpage.sty
Package: fullpage 1999/02/23 1.1 (PWD)
\FP@margin=\skip51
)
\c@theorem=\count111
 (./hpc_hw2_morse.aux)
\openout1 = `hpc_hw2_morse.aux'.

LaTeX Font Info:    Checking defaults for OML/cmm/m/it on input line 69.
LaTeX Font Info:    ... okay on input line 69.
LaTeX Font Info:    Checking defaults for T1/cmr/m/n on input line 69.
LaTeX Font Info:    ... okay on input line 69.
LaTeX Font Info:    Checking defaults for OT1/cmr/m/n on input line 69.
LaTeX Font Info:    ... okay on input line 69.
LaTeX Font Info:    Checking defaults for OMS/cmsy/m/n on input line 69.
LaTeX Font Info:    ... okay on input line 69.
LaTeX Font Info:    Checking defaults for OMX/cmex/m/n on input line 69.
LaTeX Font Info:    ... okay on input line 69.
LaTeX Font Info:    Checking defaults for U/cmr/m/n on input line 69.
LaTeX Font Info:    ... okay on input line 69.

(/usr/share/texmf-dist/tex/context/base/mkii/supp-pdf.mkii
[Loading MPS to PDF converter (version 2006.09.02).]
\scratchcounter=\count112
\scratchdimen=\dimen130
\scratchbox=\box54
\nofMPsegments=\count113
\nofMParguments=\count114
\everyMPshowfont=\toks29
\MPscratchCnt=\count115
\MPscratchDim=\dimen131
\MPnumerator=\count116
\makeMPintoPDFobject=\count117
\everyMPtoPDFconversion=\toks30
) (/usr/share/texmf-dist/tex/latex/oberdiek/epstopdf-base.sty
Package: epstopdf-base 2016/05/15 v2.6 Base part for package epstopdf

(/usr/share/texmf-dist/tex/generic/oberdiek/infwarerr.sty
Package: infwarerr 2016/05/16 v1.4 Providing info/warning/error messages (HO)
)
(/usr/share/texmf-dist/tex/latex/oberdiek/grfext.sty
Package: grfext 2016/05/16 v1.2 Manage graphics extensions (HO)

(/usr/share/texmf-dist/tex/generic/oberdiek/kvdefinekeys.sty
Package: kvdefinekeys 2016/05/16 v1.4 Define keys (HO)

(/usr/share/texmf-dist/tex/generic/oberdiek/ltxcmds.sty
Package: ltxcmds 2016/05/16 v1.23 LaTeX kernel commands for general use (HO)
)))
(/usr/share/texmf-dist/tex/latex/oberdiek/kvoptions.sty
Package: kvoptions 2016/05/16 v3.12 Key value format for package options (HO)

(/usr/share/texmf-dist/tex/generic/oberdiek/kvsetkeys.sty
Package: kvsetkeys 2016/05/16 v1.17 Key value parser (HO)

(/usr/share/texmf-dist/tex/generic/oberdiek/etexcmds.sty
Package: etexcmds 2016/05/16 v1.6 Avoid name clashes with e-TeX commands (HO)

(/usr/share/texmf-dist/tex/generic/oberdiek/ifluatex.sty
Package: ifluatex 2016/05/16 v1.4 Provides the ifluatex switch (HO)
Package ifluatex Info: LuaTeX not detected.
)
Package etexcmds Info: Could not find \expanded.
(etexcmds)             That can mean that you are not using pdfTeX 1.50 or
(etexcmds)             that some package has redefined \expanded.
(etexcmds)             In the latter case, load this package earlier.
)))
(/usr/share/texmf-dist/tex/generic/oberdiek/pdftexcmds.sty
Package: pdftexcmds 2017/03/19 v0.25 Utility functions of pdfTeX for LuaTeX (HO
)

(/usr/share/texmf-dist/tex/generic/oberdiek/ifpdf.sty
Package: ifpdf 2017/03/15 v3.2 Provides the ifpdf switch
)
Package pdftexcmds Info: LuaTeX not detected.
Package pdftexcmds Info: \pdf@primitive is available.
Package pdftexcmds Info: \pdf@ifprimitive is available.
Package pdftexcmds Info: \pdfdraftmode found.
)
Package epstopdf-base Info: Redefining graphics rule for `.eps' on input line 4
38.
Package grfext Info: Graphics extension search list:
(grfext)             [.pdf,.png,.jpg,.mps,.jpeg,.jbig2,.jb2,.PDF,.PNG,.JPG,.JPE
G,.JBIG2,.JB2,.eps]
(grfext)             \AppendGraphicsExtensions on input line 456.

(/usr/share/texmf-dist/tex/latex/latexconfig/epstopdf-sys.cfg
File: epstopdf-sys.cfg 2010/07/13 v1.3 Configuration of (r)epstopdf for TeX Liv
e
))
Package caption Info: Begin \AtBeginDocument code.
Package caption Info: End \AtBeginDocument code.
 [1

{/var/lib/texmf/fonts/map/pdftex/updmap/pdftex.map}]
<latency.png, id=8, 462.528pt x 346.896pt>
File: latency.png Graphic file (type png)
<use latency.png>
Package pdftex.def Info: latency.png  used on input line 87. on input line 87.
Package pdftex.def Info: Requested size: 211.98912pt x 158.99377pt on input lin
e 87.
<bandwidth.png, id=10, 462.528pt x 346.896pt>
File: bandwidth.png Graphic file (type png)
<use bandwidth.png>
Package pdftex.def Info: bandwidth.png  used on input line 93. on input line 93
.
Package pdftex.def Info: Requested size: 211.98912pt x 158.99377pt on input lin
e 93.

Overfull \hbox (5.22215pt too wide) in paragraph at lines 85--96
 [][]  [] 
 []

<mandelbrot_course_a.png, id=11, 462.528pt x 346.896pt>
File: mandelbrot_course_a.png Graphic file (type png)
<use mandelbrot_course_a.png>
Package pdftex.def Info: mandelbrot_course_a.png  used on input line 111. on in
put line 111.
Package pdftex.def Info: Requested size: 115.63171pt x 86.72377pt on input line
 111.
<mandelbrot_medium_a.png, id=12, 462.528pt x 346.896pt>
File: mandelbrot_medium_a.png Graphic file (type png)
<use mandelbrot_medium_a.png>
Package pdftex.def Info: mandelbrot_medium_a.png  used on input line 117. on in
put line 117.
Package pdftex.def Info: Requested size: 115.63171pt x 86.72377pt on input line
 117.
<mandelbrot_fine_a.png, id=13, 462.528pt x 346.896pt>
File: mandelbrot_fine_a.png Graphic file (type png)
<use mandelbrot_fine_a.png>
Package pdftex.def Info: mandelbrot_fine_a.png  used on input line 123. on inpu
t line 123.
Package pdftex.def Info: Requested size: 115.63171pt x 86.72377pt on input line
 123.

Overfull \hbox (5.22215pt too wide) in paragraph at lines 109--126
 [][]  [] 
 []

<area_a.png, id=14, 462.528pt x 346.896pt>
File: area_a.png Graphic file (type png)
<use area_a.png>
Package pdftex.def Info: area_a.png  used on input line 130. on input line 130.

Package pdftex.def Info: Requested size: 234.8775pt x 176.15768pt on input line
 130.
LaTeX Font Info:    Try loading font information for U+msa on input line 137.
(/usr/share/texmf-dist/tex/latex/amsfonts/umsa.fd
File: umsa.fd 2013/01/14 v3.01 AMS symbols A
)
LaTeX Font Info:    Try loading font information for U+msb on input line 137.

(/usr/share/texmf-dist/tex/latex/amsfonts/umsb.fd
File: umsb.fd 2013/01/14 v3.01 AMS symbols B
) [2 <./latency.png> <./bandwidth.png>]
<mandelbrot_course_b.png, id=22, 462.528pt x 346.896pt>
File: mandelbrot_course_b.png Graphic file (type png)
<use mandelbrot_course_b.png>
Package pdftex.def Info: mandelbrot_course_b.png  used on input line 146. on in
put line 146.
Package pdftex.def Info: Requested size: 115.63171pt x 86.72377pt on input line
 146.
<mandelbrot_medium_b.png, id=23, 462.528pt x 346.896pt>
File: mandelbrot_medium_b.png Graphic file (type png)
<use mandelbrot_medium_b.png>
Package pdftex.def Info: mandelbrot_medium_b.png  used on input line 152. on in
put line 152.
Package pdftex.def Info: Requested size: 115.63171pt x 86.72377pt on input line
 152.
<mandelbrot_fine_b.png, id=24, 462.528pt x 346.896pt>
File: mandelbrot_fine_b.png Graphic file (type png)
<use mandelbrot_fine_b.png>
Package pdftex.def Info: mandelbrot_fine_b.png  used on input line 158. on inpu
t line 158.
Package pdftex.def Info: Requested size: 115.63171pt x 86.72377pt on input line
 158.

Overfull \hbox (5.22215pt too wide) in paragraph at lines 144--161
 [][]  [] 
 []

<time_b.png, id=25, 462.528pt x 346.896pt>
File: time_b.png Graphic file (type png)
<use time_b.png>
Package pdftex.def Info: time_b.png  used on input line 166. on input line 166.

Package pdftex.def Info: Requested size: 234.8775pt x 176.15768pt on input line
 166.
<area_b.png, id=26, 462.528pt x 346.896pt>
File: area_b.png Graphic file (type png)
<use area_b.png>
Package pdftex.def Info: area_b.png  used on input line 171. on input line 171.

Package pdftex.def Info: Requested size: 234.8775pt x 176.15768pt on input line
 171.
[3 <./mandelbrot_course_a.png> <./mandelbrot_medium_a.png> <./mandelbrot_fine_a
.png>]
<mandelbrot_course_c.png, id=34, 462.528pt x 346.896pt>
File: mandelbrot_course_c.png Graphic file (type png)
<use mandelbrot_course_c.png>
Package pdftex.def Info: mandelbrot_course_c.png  used on input line 187. on in
put line 187.
Package pdftex.def Info: Requested size: 115.63171pt x 86.72377pt on input line
 187.
<mandelbrot_medium_c.png, id=35, 462.528pt x 346.896pt>
File: mandelbrot_medium_c.png Graphic file (type png)
<use mandelbrot_medium_c.png>
Package pdftex.def Info: mandelbrot_medium_c.png  used on input line 193. on in
put line 193.
Package pdftex.def Info: Requested size: 115.63171pt x 86.72377pt on input line
 193.
<mandelbrot_fine_c.png, id=36, 462.528pt x 346.896pt>
File: mandelbrot_fine_c.png Graphic file (type png)
<use mandelbrot_fine_c.png>
Package pdftex.def Info: mandelbrot_fine_c.png  used on input line 199. on inpu
t line 199.
Package pdftex.def Info: Requested size: 115.63171pt x 86.72377pt on input line
 199.

Overfull \hbox (5.22215pt too wide) in paragraph at lines 185--202
 [][]  [] 
 []

<time_c.png, id=37, 462.528pt x 346.896pt>
File: time_c.png Graphic file (type png)
<use time_c.png>
Package pdftex.def Info: time_c.png  used on input line 207. on input line 207.

Package pdftex.def Info: Requested size: 234.8775pt x 176.15768pt on input line
 207.
<area_c.png, id=38, 462.528pt x 346.896pt>
File: area_c.png Graphic file (type png)
<use area_c.png>
Package pdftex.def Info: area_c.png  used on input line 213. on input line 213.

Package pdftex.def Info: Requested size: 234.8775pt x 176.15768pt on input line
 213.
[4 <./area_a.png> <./mandelbrot_course_b.png> <./mandelbrot_medium_b.png> <./ma
ndelbrot_fine_b.png>] [5 <./time_b.png> <./area_b.png>] [6 <./mandelbrot_course
_c.png> <./mandelbrot_medium_c.png> <./mandelbrot_fine_c.png> <./time_c.png>]
[7 <./area_c.png>] (./hpc_hw2_morse.aux) ) 
Here is how much of TeX's memory you used:
 3817 strings out of 492990
 55929 string characters out of 6138689
 119369 words of memory out of 5000000
 7309 multiletter control sequences out of 15000+600000
 10697 words of font info for 40 fonts, out of 8000000 for 9000
 1141 hyphenation exceptions out of 8191
 41i,8n,39p,556b,452s stack positions out of 5000i,500n,10000p,200000b,80000s
</usr/share/texmf-dist/fonts/type1/pu
blic/amsfonts/cm/cmbx12.pfb></usr/share/texmf-dist/fonts/type1/public/amsfonts/
cm/cmcsc10.pfb></usr/share/texmf-dist/fonts/type1/public/amsfonts/cm/cmmi12.pfb
></usr/share/texmf-dist/fonts/type1/public/amsfonts/cm/cmr10.pfb></usr/share/te
xmf-dist/fonts/type1/public/amsfonts/cm/cmr12.pfb>
Output written on hpc_hw2_morse.pdf (7 pages, 333568 bytes).
PDF statistics:
 81 PDF objects out of 1000 (max. 8388607)
 34 compressed objects within 1 object stream
 0 named destinations out of 1000 (max. 500000)
 81 words of extra memory for PDF output out of 10000 (max. 10000000)

