This is pdfTeX, Version 3.14159265-2.6-1.40.18 (TeX Live 2017/Arch Linux) (preloaded format=pdflatex 2017.12.6)  11 DEC 2017 16:20
entering extended mode
 restricted \write18 enabled.
 %&-line parsing enabled.
**report_morse.tex
(./report_morse.tex
LaTeX2e <2017-04-15>
Babel <3.15> and hyphenation patterns for 84 language(s) loaded.
(/usr/share/texmf-dist/tex/latex/base/article.cls
Document Class: article 2014/09/29 v1.4h Standard LaTeX document class
(/usr/share/texmf-dist/tex/latex/base/size12.clo
File: size12.clo 2014/09/29 v1.4h Standard LaTeX file (size option)
)
\c@part=\count79
\c@section=\count80
\c@subsection=\count81
\c@subsubsection=\count82
\c@paragraph=\count83
\c@subparagraph=\count84
\c@figure=\count85
\c@table=\count86
\abovecaptionskip=\skip41
\belowcaptionskip=\skip42
\bibindent=\dimen102
)
(/usr/share/texmf-dist/tex/latex/amsmath/amsmath.sty
Package: amsmath 2017/09/02 v2.17a AMS math features
\@mathmargin=\skip43

For additional information on amsmath, use the `?' option.
(/usr/share/texmf-dist/tex/latex/amsmath/amstext.sty
Package: amstext 2000/06/29 v2.01 AMS text

(/usr/share/texmf-dist/tex/latex/amsmath/amsgen.sty
File: amsgen.sty 1999/11/30 v2.0 generic functions
\@emptytoks=\toks14
\ex@=\dimen103
))
(/usr/share/texmf-dist/tex/latex/amsmath/amsbsy.sty
Package: amsbsy 1999/11/29 v1.2d Bold Symbols
\pmbraise@=\dimen104
)
(/usr/share/texmf-dist/tex/latex/amsmath/amsopn.sty
Package: amsopn 2016/03/08 v2.02 operator names
)
\inf@bad=\count87
LaTeX Info: Redefining \frac on input line 213.
\uproot@=\count88
\leftroot@=\count89
LaTeX Info: Redefining \overline on input line 375.
\classnum@=\count90
\DOTSCASE@=\count91
LaTeX Info: Redefining \ldots on input line 472.
LaTeX Info: Redefining \dots on input line 475.
LaTeX Info: Redefining \cdots on input line 596.
\Mathstrutbox@=\box26
\strutbox@=\box27
\big@size=\dimen105
LaTeX Font Info:    Redeclaring font encoding OML on input line 712.
LaTeX Font Info:    Redeclaring font encoding OMS on input line 713.
\macc@depth=\count92
\c@MaxMatrixCols=\count93
\dotsspace@=\muskip10
\c@parentequation=\count94
\dspbrk@lvl=\count95
\tag@help=\toks15
\row@=\count96
\column@=\count97
\maxfields@=\count98
\andhelp@=\toks16
\eqnshift@=\dimen106
\alignsep@=\dimen107
\tagshift@=\dimen108
\tagwidth@=\dimen109
\totwidth@=\dimen110
\lineht@=\dimen111
\@envbody=\toks17
\multlinegap=\skip44
\multlinetaggap=\skip45
\mathdisplay@stack=\toks18
LaTeX Info: Redefining \[ on input line 2817.
LaTeX Info: Redefining \] on input line 2818.
)
(/usr/share/texmf-dist/tex/latex/amsfonts/amssymb.sty
Package: amssymb 2013/01/14 v3.01 AMS font symbols

(/usr/share/texmf-dist/tex/latex/amsfonts/amsfonts.sty
Package: amsfonts 2013/01/14 v3.01 Basic AMSFonts support
\symAMSa=\mathgroup4
\symAMSb=\mathgroup5
LaTeX Font Info:    Overwriting math alphabet `\mathfrak' in version `bold'
(Font)                  U/euf/m/n --> U/euf/b/n on input line 106.
))
(/usr/share/texmf-dist/tex/latex/amscls/amsthm.sty
Package: amsthm 2015/03/04 v2.20.2
\thm@style=\toks19
\thm@bodyfont=\toks20
\thm@headfont=\toks21
\thm@notefont=\toks22
\thm@headpunct=\toks23
\thm@preskip=\skip46
\thm@postskip=\skip47
\thm@headsep=\skip48
\dth@everypar=\toks24
)
(/usr/share/texmf-dist/tex/latex/graphics/graphicx.sty
Package: graphicx 2017/06/01 v1.1a Enhanced LaTeX Graphics (DPC,SPQR)

(/usr/share/texmf-dist/tex/latex/graphics/keyval.sty
Package: keyval 2014/10/28 v1.15 key=value parser (DPC)
\KV@toks@=\toks25
)
(/usr/share/texmf-dist/tex/latex/graphics/graphics.sty
Package: graphics 2017/06/25 v1.2c Standard LaTeX Graphics (DPC,SPQR)

(/usr/share/texmf-dist/tex/latex/graphics/trig.sty
Package: trig 2016/01/03 v1.10 sin cos tan (DPC)
)
(/usr/share/texmf-dist/tex/latex/graphics-cfg/graphics.cfg
File: graphics.cfg 2016/06/04 v1.11 sample graphics configuration
)
Package graphics Info: Driver file: pdftex.def on input line 99.

(/usr/share/texmf-dist/tex/latex/graphics-def/pdftex.def
File: pdftex.def 2017/06/24 v1.0g Graphics/color driver for pdftex
))
\Gin@req@height=\dimen112
\Gin@req@width=\dimen113
)
(/usr/share/texmf-dist/tex/latex/l3packages/xfrac/xfrac.sty
(/usr/share/texmf-dist/tex/latex/l3kernel/expl3.sty
Package: expl3 2017/11/14 L3 programming layer (loader) 

(/usr/share/texmf-dist/tex/latex/l3kernel/expl3-code.tex
Package: expl3 2017/11/14 L3 programming layer (code)
\c_max_int=\count99
\l_tmpa_int=\count100
\l_tmpb_int=\count101
\g_tmpa_int=\count102
\g_tmpb_int=\count103
\g__intarray_font_int=\count104
\g__prg_map_int=\count105
\c_log_iow=\count106
\l_iow_line_count_int=\count107
\l__iow_line_target_int=\count108
\l__iow_one_indent_int=\count109
\l__iow_indent_int=\count110
\c_zero_dim=\dimen114
\c_max_dim=\dimen115
\l_tmpa_dim=\dimen116
\l_tmpb_dim=\dimen117
\g_tmpa_dim=\dimen118
\g_tmpb_dim=\dimen119
\c_zero_skip=\skip49
\c_max_skip=\skip50
\l_tmpa_skip=\skip51
\l_tmpb_skip=\skip52
\g_tmpa_skip=\skip53
\g_tmpb_skip=\skip54
\c_zero_muskip=\muskip11
\c_max_muskip=\muskip12
\l_tmpa_muskip=\muskip13
\l_tmpb_muskip=\muskip14
\g_tmpa_muskip=\muskip15
\g_tmpb_muskip=\muskip16
\l_keys_choice_int=\count111
\c__fp_leading_shift_int=\count112
\c__fp_middle_shift_int=\count113
\c__fp_trailing_shift_int=\count114
\c__fp_big_leading_shift_int=\count115
\c__fp_big_middle_shift_int=\count116
\c__fp_big_trailing_shift_int=\count117
\c__fp_Bigg_leading_shift_int=\count118
\c__fp_Bigg_middle_shift_int=\count119
\c__fp_Bigg_trailing_shift_int=\count120
\c__fp_rand_size_int=\count121
\c__fp_rand_four_int=\count122
\c__fp_rand_eight_int=\count123
\l__sort_length_int=\count124
\l__sort_min_int=\count125
\l__sort_top_int=\count126
\l__sort_max_int=\count127
\l__sort_true_max_int=\count128
\l__sort_block_int=\count129
\l__sort_begin_int=\count130
\l__sort_end_int=\count131
\l__sort_A_int=\count132
\l__sort_B_int=\count133
\l__sort_C_int=\count134
\l__tl_build_start_index_int=\count135
\l__tl_build_index_int=\count136
\l__tl_analysis_normal_int=\count137
\l__tl_analysis_index_int=\count138
\l__tl_analysis_nesting_int=\count139
\l__tl_analysis_type_int=\count140
\l__regex_internal_a_int=\count141
\l__regex_internal_b_int=\count142
\l__regex_internal_c_int=\count143
\l__regex_balance_int=\count144
\l__regex_group_level_int=\count145
\l__regex_mode_int=\count146
\c__regex_cs_in_class_mode_int=\count147
\c__regex_cs_mode_int=\count148
\l__regex_catcodes_int=\count149
\l__regex_default_catcodes_int=\count150
\c__regex_catcode_D_int=\count151
\c__regex_catcode_S_int=\count152
\c__regex_catcode_L_int=\count153
\c__regex_catcode_O_int=\count154
\c__regex_catcode_A_int=\count155
\c__regex_all_catcodes_int=\count156
\l__regex_show_lines_int=\count157
\l__regex_min_state_int=\count158
\l__regex_max_state_int=\count159
\l__regex_left_state_int=\count160
\l__regex_right_state_int=\count161
\l__regex_capturing_group_int=\count162
\l__regex_min_pos_int=\count163
\l__regex_max_pos_int=\count164
\l__regex_curr_pos_int=\count165
\l__regex_start_pos_int=\count166
\l__regex_success_pos_int=\count167
\l__regex_curr_char_int=\count168
\l__regex_curr_catcode_int=\count169
\l__regex_last_char_int=\count170
\l__regex_case_changed_char_int=\count171
\l__regex_curr_state_int=\count172
\l__regex_step_int=\count173
\l__regex_min_active_int=\count174
\l__regex_max_active_int=\count175
\l__regex_replacement_csnames_int=\count176
\l__regex_match_count_int=\count177
\l__regex_min_submatch_int=\count178
\l__regex_submatch_int=\count179
\l__regex_zeroth_submatch_int=\count180
\g__debug_trace_regex_int=\count181
\c_empty_box=\box28
\l_tmpa_box=\box29
\l_tmpb_box=\box30
\g_tmpa_box=\box31
\g_tmpb_box=\box32
\l__box_top_dim=\dimen120
\l__box_bottom_dim=\dimen121
\l__box_left_dim=\dimen122
\l__box_right_dim=\dimen123
\l__box_top_new_dim=\dimen124
\l__box_bottom_new_dim=\dimen125
\l__box_left_new_dim=\dimen126
\l__box_right_new_dim=\dimen127
\l__box_internal_box=\box33
\l__coffin_internal_box=\box34
\l__coffin_internal_dim=\dimen128
\l__coffin_offset_x_dim=\dimen129
\l__coffin_offset_y_dim=\dimen130
\l__coffin_x_dim=\dimen131
\l__coffin_y_dim=\dimen132
\l__coffin_x_prime_dim=\dimen133
\l__coffin_y_prime_dim=\dimen134
\c_empty_coffin=\box35
\l__coffin_aligned_coffin=\box36
\l__coffin_aligned_internal_coffin=\box37
\l_tmpa_coffin=\box38
\l_tmpb_coffin=\box39
\l__coffin_display_coffin=\box40
\l__coffin_display_coord_coffin=\box41
\l__coffin_display_pole_coffin=\box42
\l__coffin_display_offset_dim=\dimen135
\l__coffin_display_x_dim=\dimen136
\l__coffin_display_y_dim=\dimen137
\l__coffin_bounding_shift_dim=\dimen138
\l__coffin_left_corner_dim=\dimen139
\l__coffin_right_corner_dim=\dimen140
\l__coffin_bottom_corner_dim=\dimen141
\l__coffin_top_corner_dim=\dimen142
\l__coffin_scaled_total_height_dim=\dimen143
\l__coffin_scaled_width_dim=\dimen144
)
(/usr/share/texmf-dist/tex/latex/l3kernel/l3pdfmode.def
File: l3pdfmode.def 2017/03/18 v L3 Experimental driver: PDF mode
\l__driver_color_stack_int=\count182
\l__driver_tmp_box=\box43
))
(/usr/share/texmf-dist/tex/latex/l3packages/l3keys2e/l3keys2e.sty
Package: l3keys2e 2017/11/14 LaTeX2e option processing using LaTeX3 keys
)
(/usr/share/texmf-dist/tex/latex/base/textcomp.sty
Package: textcomp 2017/04/05 v2.0i Standard LaTeX package
Package textcomp Info: Sub-encoding information:
(textcomp)               5 = only ISO-Adobe without \textcurrency
(textcomp)               4 = 5 + \texteuro
(textcomp)               3 = 4 + \textohm
(textcomp)               2 = 3 + \textestimated + \textcurrency
(textcomp)               1 = TS1 - \textcircled - \t
(textcomp)               0 = TS1 (full)
(textcomp)             Font families with sub-encoding setting implement
(textcomp)             only a restricted character set as indicated.
(textcomp)             Family '?' is the default used for unknown fonts.
(textcomp)             See the documentation for details.
Package textcomp Info: Setting ? sub-encoding to TS1/1 on input line 79.

(/usr/share/texmf-dist/tex/latex/base/ts1enc.def
File: ts1enc.def 2001/06/05 v3.0e (jk/car/fm) Standard LaTeX file
)
LaTeX Info: Redefining \oldstylenums on input line 334.
Package textcomp Info: Setting cmr sub-encoding to TS1/0 on input line 349.
Package textcomp Info: Setting cmss sub-encoding to TS1/0 on input line 350.
Package textcomp Info: Setting cmtt sub-encoding to TS1/0 on input line 351.
Package textcomp Info: Setting cmvtt sub-encoding to TS1/0 on input line 352.
Package textcomp Info: Setting cmbr sub-encoding to TS1/0 on input line 353.
Package textcomp Info: Setting cmtl sub-encoding to TS1/0 on input line 354.
Package textcomp Info: Setting ccr sub-encoding to TS1/0 on input line 355.
Package textcomp Info: Setting ptm sub-encoding to TS1/4 on input line 356.
Package textcomp Info: Setting pcr sub-encoding to TS1/4 on input line 357.
Package textcomp Info: Setting phv sub-encoding to TS1/4 on input line 358.
Package textcomp Info: Setting ppl sub-encoding to TS1/3 on input line 359.
Package textcomp Info: Setting pag sub-encoding to TS1/4 on input line 360.
Package textcomp Info: Setting pbk sub-encoding to TS1/4 on input line 361.
Package textcomp Info: Setting pnc sub-encoding to TS1/4 on input line 362.
Package textcomp Info: Setting pzc sub-encoding to TS1/4 on input line 363.
Package textcomp Info: Setting bch sub-encoding to TS1/4 on input line 364.
Package textcomp Info: Setting put sub-encoding to TS1/5 on input line 365.
Package textcomp Info: Setting uag sub-encoding to TS1/5 on input line 366.
Package textcomp Info: Setting ugq sub-encoding to TS1/5 on input line 367.
Package textcomp Info: Setting ul8 sub-encoding to TS1/4 on input line 368.
Package textcomp Info: Setting ul9 sub-encoding to TS1/4 on input line 369.
Package textcomp Info: Setting augie sub-encoding to TS1/5 on input line 370.
Package textcomp Info: Setting dayrom sub-encoding to TS1/3 on input line 371.
Package textcomp Info: Setting dayroms sub-encoding to TS1/3 on input line 372.

Package textcomp Info: Setting pxr sub-encoding to TS1/0 on input line 373.
Package textcomp Info: Setting pxss sub-encoding to TS1/0 on input line 374.
Package textcomp Info: Setting pxtt sub-encoding to TS1/0 on input line 375.
Package textcomp Info: Setting txr sub-encoding to TS1/0 on input line 376.
Package textcomp Info: Setting txss sub-encoding to TS1/0 on input line 377.
Package textcomp Info: Setting txtt sub-encoding to TS1/0 on input line 378.
Package textcomp Info: Setting lmr sub-encoding to TS1/0 on input line 379.
Package textcomp Info: Setting lmdh sub-encoding to TS1/0 on input line 380.
Package textcomp Info: Setting lmss sub-encoding to TS1/0 on input line 381.
Package textcomp Info: Setting lmssq sub-encoding to TS1/0 on input line 382.
Package textcomp Info: Setting lmvtt sub-encoding to TS1/0 on input line 383.
Package textcomp Info: Setting lmtt sub-encoding to TS1/0 on input line 384.
Package textcomp Info: Setting qhv sub-encoding to TS1/0 on input line 385.
Package textcomp Info: Setting qag sub-encoding to TS1/0 on input line 386.
Package textcomp Info: Setting qbk sub-encoding to TS1/0 on input line 387.
Package textcomp Info: Setting qcr sub-encoding to TS1/0 on input line 388.
Package textcomp Info: Setting qcs sub-encoding to TS1/0 on input line 389.
Package textcomp Info: Setting qpl sub-encoding to TS1/0 on input line 390.
Package textcomp Info: Setting qtm sub-encoding to TS1/0 on input line 391.
Package textcomp Info: Setting qzc sub-encoding to TS1/0 on input line 392.
Package textcomp Info: Setting qhvc sub-encoding to TS1/0 on input line 393.
Package textcomp Info: Setting futs sub-encoding to TS1/4 on input line 394.
Package textcomp Info: Setting futx sub-encoding to TS1/4 on input line 395.
Package textcomp Info: Setting futj sub-encoding to TS1/4 on input line 396.
Package textcomp Info: Setting hlh sub-encoding to TS1/3 on input line 397.
Package textcomp Info: Setting hls sub-encoding to TS1/3 on input line 398.
Package textcomp Info: Setting hlst sub-encoding to TS1/3 on input line 399.
Package textcomp Info: Setting hlct sub-encoding to TS1/5 on input line 400.
Package textcomp Info: Setting hlx sub-encoding to TS1/5 on input line 401.
Package textcomp Info: Setting hlce sub-encoding to TS1/5 on input line 402.
Package textcomp Info: Setting hlcn sub-encoding to TS1/5 on input line 403.
Package textcomp Info: Setting hlcw sub-encoding to TS1/5 on input line 404.
Package textcomp Info: Setting hlcf sub-encoding to TS1/5 on input line 405.
Package textcomp Info: Setting pplx sub-encoding to TS1/3 on input line 406.
Package textcomp Info: Setting pplj sub-encoding to TS1/3 on input line 407.
Package textcomp Info: Setting ptmx sub-encoding to TS1/4 on input line 408.
Package textcomp Info: Setting ptmj sub-encoding to TS1/4 on input line 409.
)
(/usr/share/texmf-dist/tex/latex/l3packages/xparse/xparse.sty
Package: xparse 2017/11/14 L3 Experimental document command parser
\l__xparse_current_arg_int=\count183
\g__xparse_grabber_int=\count184
\l__xparse_m_args_int=\count185
\l__xparse_mandatory_args_int=\count186
\l__xparse_v_nesting_int=\count187
)
(/usr/share/texmf-dist/tex/latex/l3packages/xtemplate/xtemplate.sty
Package: xtemplate 2017/11/14 L3 Experimental prototype document functions
\l__xtemplate_tmp_dim=\dimen145
\l__xtemplate_tmp_int=\count188
\l__xtemplate_tmp_muskip=\muskip17
\l__xtemplate_tmp_skip=\skip55
)
Package: xfrac 2017/11/14 L3 Experimental split-level fractions
\l__xfrac_slash_box=\box44
\l__xfrac_tmp_box=\box45
\l__xfrac_denominator_bot_sep_dim=\dimen146
\l__xfrac_numerator_bot_sep_dim=\dimen147
\l__xfrac_numerator_top_sep_dim=\dimen148
\l__xfrac_slash_left_sep_dim=\dimen149
\l__xfrac_slash_right_sep_dim=\dimen150
\l__xfrac_slash_left_muskip=\muskip18
\l__xfrac_slash_right_muskip=\muskip19
.................................................
. xtemplate info: "declare-object-type"
. 
. Declaring object type 'xfrac' taking 3 argument(s) on line 80.
.................................................
.................................................
. LaTeX info: "xparse/define-command"
. 
. Defining command \sfrac with sig. 'omom' on line 419.
.................................................
)
(/usr/share/texmf-dist/tex/latex/caption/caption.sty
Package: caption 2016/02/21 v3.3-144 Customizing captions (AR)

(/usr/share/texmf-dist/tex/latex/caption/caption3.sty
Package: caption3 2016/05/22 v1.7-166 caption3 kernel (AR)
Package caption3 Info: TeX engine: e-TeX on input line 67.
\captionmargin=\dimen151
\captionmargin@=\dimen152
\captionwidth=\dimen153
\caption@tempdima=\dimen154
\caption@indent=\dimen155
\caption@parindent=\dimen156
\caption@hangindent=\dimen157
)
\c@ContinuedFloat=\count189
)
(/usr/share/texmf-dist/tex/latex/caption/subcaption.sty
Package: subcaption 2016/05/22 v1.1-161 Sub-captions (AR)
\c@subfigure=\count190
\c@subtable=\count191
)
(/usr/share/texmf-dist/tex/latex/tools/enumerate.sty
Package: enumerate 2015/07/23 v3.00 enumerate extensions (DPC)
\@enLab=\toks26
)
(/usr/share/texmf-dist/tex/latex/tools/multicol.sty
Package: multicol 2017/04/11 v1.8q multicolumn formatting (FMi)
\c@tracingmulticols=\count192
\mult@box=\box46
\multicol@leftmargin=\dimen158
\c@unbalance=\count193
\c@collectmore=\count194
\doublecol@number=\count195
\multicoltolerance=\count196
\multicolpretolerance=\count197
\full@width=\dimen159
\page@free=\dimen160
\premulticols=\dimen161
\postmulticols=\dimen162
\multicolsep=\skip56
\multicolbaselineskip=\skip57
\partial@page=\box47
\last@line=\box48
\maxbalancingoverflow=\dimen163
\mult@rightbox=\box49
\mult@grightbox=\box50
\mult@gfirstbox=\box51
\mult@firstbox=\box52
\@tempa=\box53
\@tempa=\box54
\@tempa=\box55
\@tempa=\box56
\@tempa=\box57
\@tempa=\box58
\@tempa=\box59
\@tempa=\box60
\@tempa=\box61
\@tempa=\box62
\@tempa=\box63
\@tempa=\box64
\@tempa=\box65
\@tempa=\box66
\@tempa=\box67
\@tempa=\box68
\@tempa=\box69
\c@columnbadness=\count198
\c@finalcolumnbadness=\count199
\last@try=\dimen164
\multicolovershoot=\dimen165
\multicolundershoot=\dimen166
\mult@nat@firstbox=\box70
\colbreak@box=\box71
\mc@col@check@num=\count266
)
(/usr/share/texmf-dist/tex/latex/tools/verbatim.sty
Package: verbatim 2014/10/28 v1.5q LaTeX2e package for verbatim enhancements
\every@verbatim=\toks27
\verbatim@line=\toks28
\verbatim@in@stream=\read1
)
(/usr/share/texmf-dist/tex/latex/preprint/fullpage.sty
Package: fullpage 1999/02/23 1.1 (PWD)
\FP@margin=\skip58
)
\c@theorem=\count267
 (./report_morse.aux

LaTeX Warning: Label `fig:inverse1a' multiply defined.

)
\openout1 = `report_morse.aux'.

LaTeX Font Info:    Checking defaults for OML/cmm/m/it on input line 68.
LaTeX Font Info:    ... okay on input line 68.
LaTeX Font Info:    Checking defaults for T1/cmr/m/n on input line 68.
LaTeX Font Info:    ... okay on input line 68.
LaTeX Font Info:    Checking defaults for OT1/cmr/m/n on input line 68.
LaTeX Font Info:    ... okay on input line 68.
LaTeX Font Info:    Checking defaults for OMS/cmsy/m/n on input line 68.
LaTeX Font Info:    ... okay on input line 68.
LaTeX Font Info:    Checking defaults for OMX/cmex/m/n on input line 68.
LaTeX Font Info:    ... okay on input line 68.
LaTeX Font Info:    Checking defaults for U/cmr/m/n on input line 68.
LaTeX Font Info:    ... okay on input line 68.
LaTeX Font Info:    Checking defaults for TS1/cmr/m/n on input line 68.
LaTeX Font Info:    Try loading font information for TS1+cmr on input line 68.
 (/usr/share/texmf-dist/tex/latex/base/ts1cmr.fd
File: ts1cmr.fd 2014/09/29 v2.5h Standard LaTeX font definitions
)
LaTeX Font Info:    ... okay on input line 68.

(/usr/share/texmf-dist/tex/context/base/mkii/supp-pdf.mkii
[Loading MPS to PDF converter (version 2006.09.02).]
\scratchcounter=\count268
\scratchdimen=\dimen167
\scratchbox=\box72
\nofMPsegments=\count269
\nofMParguments=\count270
\everyMPshowfont=\toks29
\MPscratchCnt=\count271
\MPscratchDim=\dimen168
\MPnumerator=\count272
\makeMPintoPDFobject=\count273
\everyMPtoPDFconversion=\toks30
) (/usr/share/texmf-dist/tex/latex/oberdiek/epstopdf-base.sty
Package: epstopdf-base 2016/05/15 v2.6 Base part for package epstopdf

(/usr/share/texmf-dist/tex/generic/oberdiek/infwarerr.sty
Package: infwarerr 2016/05/16 v1.4 Providing info/warning/error messages (HO)
)
(/usr/share/texmf-dist/tex/latex/oberdiek/grfext.sty
Package: grfext 2016/05/16 v1.2 Manage graphics extensions (HO)

(/usr/share/texmf-dist/tex/generic/oberdiek/kvdefinekeys.sty
Package: kvdefinekeys 2016/05/16 v1.4 Define keys (HO)

(/usr/share/texmf-dist/tex/generic/oberdiek/ltxcmds.sty
Package: ltxcmds 2016/05/16 v1.23 LaTeX kernel commands for general use (HO)
)))
(/usr/share/texmf-dist/tex/latex/oberdiek/kvoptions.sty
Package: kvoptions 2016/05/16 v3.12 Key value format for package options (HO)

(/usr/share/texmf-dist/tex/generic/oberdiek/kvsetkeys.sty
Package: kvsetkeys 2016/05/16 v1.17 Key value parser (HO)

(/usr/share/texmf-dist/tex/generic/oberdiek/etexcmds.sty
Package: etexcmds 2016/05/16 v1.6 Avoid name clashes with e-TeX commands (HO)

(/usr/share/texmf-dist/tex/generic/oberdiek/ifluatex.sty
Package: ifluatex 2016/05/16 v1.4 Provides the ifluatex switch (HO)
Package ifluatex Info: LuaTeX not detected.
)
Package etexcmds Info: Could not find \expanded.
(etexcmds)             That can mean that you are not using pdfTeX 1.50 or
(etexcmds)             that some package has redefined \expanded.
(etexcmds)             In the latter case, load this package earlier.
)))
(/usr/share/texmf-dist/tex/generic/oberdiek/pdftexcmds.sty
Package: pdftexcmds 2017/03/19 v0.25 Utility functions of pdfTeX for LuaTeX (HO
)

(/usr/share/texmf-dist/tex/generic/oberdiek/ifpdf.sty
Package: ifpdf 2017/03/15 v3.2 Provides the ifpdf switch
)
Package pdftexcmds Info: LuaTeX not detected.
Package pdftexcmds Info: \pdf@primitive is available.
Package pdftexcmds Info: \pdf@ifprimitive is available.
Package pdftexcmds Info: \pdfdraftmode found.
)
Package epstopdf-base Info: Redefining graphics rule for `.eps' on input line 4
38.
Package grfext Info: Graphics extension search list:
(grfext)             [.pdf,.png,.jpg,.mps,.jpeg,.jbig2,.jb2,.PDF,.PNG,.JPG,.JPE
G,.JBIG2,.JB2,.eps]
(grfext)             \AppendGraphicsExtensions on input line 456.

(/usr/share/texmf-dist/tex/latex/latexconfig/epstopdf-sys.cfg
File: epstopdf-sys.cfg 2010/07/13 v1.3 Configuration of (r)epstopdf for TeX Liv
e
))
Package caption Info: Begin \AtBeginDocument code.
Package caption Info: End \AtBeginDocument code.
 [1

{/var/lib/texmf/fonts/map/pdftex/updmap/pdftex.map}]
<timeq1_strong.png, id=8, 462.528pt x 346.896pt>
File: timeq1_strong.png Graphic file (type png)
<use timeq1_strong.png>
Package pdftex.def Info: timeq1_strong.png  used on input line 82. on input lin
e 82.
Package pdftex.def Info: Requested size: 211.98912pt x 158.99377pt on input lin
e 82.
<speedupq1_strong.png, id=10, 462.528pt x 346.896pt>
File: speedupq1_strong.png Graphic file (type png)
<use speedupq1_strong.png>
Package pdftex.def Info: speedupq1_strong.png  used on input line 88. on input 
line 88.
Package pdftex.def Info: Requested size: 211.98912pt x 158.99377pt on input lin
e 88.

Overfull \hbox (5.22215pt too wide) in paragraph at lines 80--91
 [][]  [] 
 []

LaTeX Font Info:    Try loading font information for U+msa on input line 95.
(/usr/share/texmf-dist/tex/latex/amsfonts/umsa.fd
File: umsa.fd 2013/01/14 v3.01 AMS symbols A
)
LaTeX Font Info:    Try loading font information for U+msb on input line 95.

(/usr/share/texmf-dist/tex/latex/amsfonts/umsb.fd
File: umsb.fd 2013/01/14 v3.01 AMS symbols B
)
<inverseq1_strong.png, id=11, 462.528pt x 346.896pt>
File: inverseq1_strong.png Graphic file (type png)
<use inverseq1_strong.png>
Package pdftex.def Info: inverseq1_strong.png  used on input line 105. on input
 line 105.
Package pdftex.def Info: Requested size: 234.8775pt x 176.15768pt on input line
 105.
LaTeX Font Info:    Calculating math sizes for size <8.39996> on input line 106
.


LaTeX Font Warning: Font shape `OT1/cmr/m/n' in size <4.19998> not available
(Font)              size <5> substituted on input line 106.


LaTeX Font Warning: Font shape `OML/cmm/m/it' in size <4.19998> not available
(Font)              size <5> substituted on input line 106.


LaTeX Font Warning: Font shape `OMS/cmsy/m/n' in size <4.19998> not available
(Font)              size <5> substituted on input line 106.

[2 <./timeq1_strong.png> <./speedupq1_strong.png>]
<timeq2_strong.png, id=23, 462.528pt x 346.896pt>
File: timeq2_strong.png Graphic file (type png)
<use timeq2_strong.png>
Package pdftex.def Info: timeq2_strong.png  used on input line 128. on input li
ne 128.
Package pdftex.def Info: Requested size: 211.98912pt x 158.99377pt on input lin
e 128.
<speedupq2_strong.png, id=24, 462.528pt x 346.896pt>
File: speedupq2_strong.png Graphic file (type png)
<use speedupq2_strong.png>
Package pdftex.def Info: speedupq2_strong.png  used on input line 134. on input
 line 134.
Package pdftex.def Info: Requested size: 211.98912pt x 158.99377pt on input lin
e 134.

Overfull \hbox (5.22215pt too wide) in paragraph at lines 126--137
 [][]  [] 
 []

<inverseq2_strong.png, id=25, 462.528pt x 346.896pt>
File: inverseq2_strong.png Graphic file (type png)
<use inverseq2_strong.png>
Package pdftex.def Info: inverseq2_strong.png  used on input line 144. on input
 line 144.
Package pdftex.def Info: Requested size: 234.8775pt x 176.15768pt on input line
 144.
[3 <./inverseq1_strong.png>] [4 <./timeq2_strong.png> <./speedupq2_strong.png> 
<./inverseq2_strong.png>] (./report_morse.aux)

LaTeX Font Warning: Size substitutions with differences
(Font)              up to 2.90001pt have occurred.


LaTeX Warning: There were multiply-defined labels.

 ) 
Here is how much of TeX's memory you used:
 12708 strings out of 492985
 242345 string characters out of 6138638
 279587 words of memory out of 5000000
 16173 multiletter control sequences out of 15000+600000
 543467 words of font info for 76 fonts, out of 8000000 for 9000
 1141 hyphenation exceptions out of 8191
 41i,16n,48p,10383b,481s stack positions out of 5000i,500n,10000p,200000b,80000s
</usr/share/texmf-dist/fonts/type1/public/amsfonts/cm/cmbx12.pfb></usr/share/
texmf-dist/fonts/type1/public/amsfonts/cm/cmcsc10.pfb></usr/share/texmf-dist/fo
nts/type1/public/amsfonts/cm/cmmi12.pfb></usr/share/texmf-dist/fonts/type1/publ
ic/amsfonts/cm/cmmi8.pfb></usr/share/texmf-dist/fonts/type1/public/amsfonts/cm/
cmr10.pfb></usr/share/texmf-dist/fonts/type1/public/amsfonts/cm/cmr12.pfb></usr
/share/texmf-dist/fonts/type1/public/amsfonts/cm/cmr8.pfb></usr/share/texmf-dis
t/fonts/type1/public/amsfonts/cm/cmsy10.pfb></usr/share/texmf-dist/fonts/type1/
public/amsfonts/cm/cmsy8.pfb></usr/share/texmf-dist/fonts/type1/public/amsfonts
/cm/cmti12.pfb>
Output written on report_morse.pdf (4 pages, 219108 bytes).
PDF statistics:
 70 PDF objects out of 1000 (max. 8388607)
 41 compressed objects within 1 object stream
 0 named destinations out of 1000 (max. 500000)
 31 words of extra memory for PDF output out of 10000 (max. 10000000)

