SLURM_JOB_ID=7597003
SLURM_JOB_NODELIST=cpn-k08-40-[01-02]
SLURM_NNODES=2
SLURMTMPDIR=/scratch/7597003
working directory=/user/mjmorse3/hpc/mpi
          15  of           24 on 
 cpn-k08-40-02.cbls.ccr.buffalo.edu                                             
                                                 
           1  of           24 on 
 cpn-k08-40-01.cbls.ccr.buffalo.edu                                             
                                                 
           3  of           24 on 
 cpn-k08-40-01.cbls.ccr.buffalo.edu                                             
                                                 
           5  of           24 on 
 cpn-k08-40-01.cbls.ccr.buffalo.edu                                             
                                                 
           6  of           24 on 
 cpn-k08-40-01.cbls.ccr.buffalo.edu                                             
                                                 
           8  of           24 on 
 cpn-k08-40-01.cbls.ccr.buffalo.edu                                             
                                                 
          10  of           24 on 
 cpn-k08-40-01.cbls.ccr.buffalo.edu                                             
                                                 
          11  of           24 on 
 cpn-k08-40-01.cbls.ccr.buffalo.edu                                             
                                                 
           0  of           24 on 
 cpn-k08-40-01.cbls.ccr.buffalo.edu                                             
                                                 
           2  of           24 on 
 cpn-k08-40-01.cbls.ccr.buffalo.edu                                             
                                                 
           7  of           24 on 
 cpn-k08-40-01.cbls.ccr.buffalo.edu                                             
                                                 
           4  of           24 on 
          16  of           24 on 
 cpn-k08-40-02.cbls.ccr.buffalo.edu                                             
                                                 
 cpn-k08-40-01.cbls.ccr.buffalo.edu                                             
          18  of           24 on 
 cpn-k08-40-02.cbls.ccr.buffalo.edu                                             
                                                 
                                                 
          20  of           24 on 
 cpn-k08-40-02.cbls.ccr.buffalo.edu                                             
                                                 
           9  of           24 on 
 cpn-k08-40-01.cbls.ccr.buffalo.edu                                             
                                                 
          22  of           24 on 
 cpn-k08-40-02.cbls.ccr.buffalo.edu                                             
                                                 
          23  of           24 on 
 cpn-k08-40-02.cbls.ccr.buffalo.edu                                             
                                                 
          12  of           24 on 
 cpn-k08-40-02.cbls.ccr.buffalo.edu                                             
                                                 
          13  of           24 on 
 cpn-k08-40-02.cbls.ccr.buffalo.edu                                             
                                                 
          14  of           24 on 
 cpn-k08-40-02.cbls.ccr.buffalo.edu                                             
                                                 
          17  of           24 on 
 cpn-k08-40-02.cbls.ccr.buffalo.edu                                             
                                                 
          19  of           24 on 
 cpn-k08-40-02.cbls.ccr.buffalo.edu                                             
                                                 
          21  of           24 on 
 cpn-k08-40-02.cbls.ccr.buffalo.edu                                             
                                                 
All Done!
